0 info it worked if it ends with ok
1 verbose cli [ '/usr/local/bin/node', '/usr/local/bin/npm', 'install' ]
2 info using npm@3.6.0
3 info using node@v5.6.0
4 silly loadCurrentTree Starting
5 silly install loadCurrentTree
6 silly install readLocalPackageData
7 silly install normalizeTree
8 silly loadCurrentTree Finishing
9 silly loadIdealTree Starting
10 silly install loadIdealTree
11 silly cloneCurrentTree Starting
12 silly install cloneCurrentTreeToIdealTree
13 silly cloneCurrentTree Finishing
14 silly loadShrinkwrap Starting
15 silly install loadShrinkwrap
16 silly loadShrinkwrap Finishing
17 silly loadAllDepsIntoIdealTree Starting
18 silly install loadAllDepsIntoIdealTree
19 silly fetchNamedPackageData ws
20 silly mapToRegistry name ws
21 silly mapToRegistry using default registry
22 silly mapToRegistry registry https://registry.npmjs.org/
23 silly mapToRegistry uri https://registry.npmjs.org/ws
24 silly fetchNamedPackageData node-fs
25 silly mapToRegistry name node-fs
26 silly mapToRegistry using default registry
27 silly mapToRegistry registry https://registry.npmjs.org/
28 silly mapToRegistry uri https://registry.npmjs.org/node-fs
29 silly fetchNamedPackageData tesseract
30 silly mapToRegistry name tesseract
31 silly mapToRegistry using default registry
32 silly mapToRegistry registry https://registry.npmjs.org/
33 silly mapToRegistry uri https://registry.npmjs.org/tesseract
34 verbose request uri https://registry.npmjs.org/tesseract
35 verbose request no auth needed
36 info attempt registry request try #1 at 4:44:39 PM
37 verbose request id 5f3495fa28caf63f
38 http request GET https://registry.npmjs.org/tesseract
39 verbose request uri https://registry.npmjs.org/node-fs
40 verbose request no auth needed
41 info attempt registry request try #1 at 4:44:39 PM
42 http request GET https://registry.npmjs.org/node-fs
43 verbose request uri https://registry.npmjs.org/ws
44 verbose request no auth needed
45 info attempt registry request try #1 at 4:44:39 PM
46 verbose etag "AR4KN6QETUY46Z3YK4JW7LIIM"
47 http request GET https://registry.npmjs.org/ws
48 http 200 https://registry.npmjs.org/node-fs
49 verbose headers { server: 'CouchDB/1.5.0 (Erlang OTP/R16B03)',
49 verbose headers   etag: '"XQVXU9B2HBV282TZR4W7EAB9"',
49 verbose headers   'content-type': 'application/json',
49 verbose headers   'cache-control': 'max-age=300',
49 verbose headers   'content-length': '10571',
49 verbose headers   'accept-ranges': 'bytes',
49 verbose headers   date: 'Wed, 20 Apr 2016 23:44:39 GMT',
49 verbose headers   via: '1.1 varnish',
49 verbose headers   age: '289',
49 verbose headers   connection: 'keep-alive',
49 verbose headers   'x-served-by': 'cache-sjc3120-SJC',
49 verbose headers   'x-cache': 'HIT',
49 verbose headers   'x-cache-hits': '4',
49 verbose headers   'x-timer': 'S1461195879.719704,VS0,VE0',
49 verbose headers   vary: 'Accept-Encoding' }
50 silly get cb [ 200,
50 silly get   { server: 'CouchDB/1.5.0 (Erlang OTP/R16B03)',
50 silly get     etag: '"XQVXU9B2HBV282TZR4W7EAB9"',
50 silly get     'content-type': 'application/json',
50 silly get     'cache-control': 'max-age=300',
50 silly get     'content-length': '10571',
50 silly get     'accept-ranges': 'bytes',
50 silly get     date: 'Wed, 20 Apr 2016 23:44:39 GMT',
50 silly get     via: '1.1 varnish',
50 silly get     age: '289',
50 silly get     connection: 'keep-alive',
50 silly get     'x-served-by': 'cache-sjc3120-SJC',
50 silly get     'x-cache': 'HIT',
50 silly get     'x-cache-hits': '4',
50 silly get     'x-timer': 'S1461195879.719704,VS0,VE0',
50 silly get     vary: 'Accept-Encoding' } ]
51 verbose get saving node-fs to /Users/kushaltirumala/.npm/registry.npmjs.org/node-fs/.cache.json
52 verbose correctMkdir /Users/kushaltirumala/.npm correctMkdir not in flight; initializing
53 silly resolveWithNewModule node-fs@0.1.7 checking installable status
54 silly cache add args [ 'node-fs@0.1.7', null ]
55 verbose cache add spec node-fs@0.1.7
56 silly cache add parsed spec Result {
56 silly cache add   raw: 'node-fs@0.1.7',
56 silly cache add   scope: null,
56 silly cache add   name: 'node-fs',
56 silly cache add   rawSpec: '0.1.7',
56 silly cache add   spec: '0.1.7',
56 silly cache add   type: 'version' }
57 silly addNamed node-fs@0.1.7
58 verbose addNamed "0.1.7" is a plain semver version for node-fs
59 silly mapToRegistry name node-fs
60 silly mapToRegistry using default registry
61 silly mapToRegistry registry https://registry.npmjs.org/
62 silly mapToRegistry uri https://registry.npmjs.org/node-fs
63 verbose addNameVersion registry:https://registry.npmjs.org/node-fs not in flight; fetching
64 http 200 https://registry.npmjs.org/tesseract
65 verbose headers { server: 'CouchDB/1.5.0 (Erlang OTP/R16B03)',
65 verbose headers   etag: '"87YPWHZEETW46F9GZQQISGGDA"',
65 verbose headers   'content-type': 'application/json',
65 verbose headers   'content-encoding': 'gzip',
65 verbose headers   'cache-control': 'max-age=300',
65 verbose headers   'content-length': '1696',
65 verbose headers   'accept-ranges': 'bytes',
65 verbose headers   date: 'Wed, 20 Apr 2016 23:44:39 GMT',
65 verbose headers   via: '1.1 varnish',
65 verbose headers   age: '0',
65 verbose headers   connection: 'keep-alive',
65 verbose headers   'x-served-by': 'cache-sjc3125-SJC',
65 verbose headers   'x-cache': 'MISS',
65 verbose headers   'x-cache-hits': '0',
65 verbose headers   'x-timer': 'S1461195879.717852,VS0,VE41',
65 verbose headers   vary: 'Accept-Encoding' }
66 silly get cb [ 200,
66 silly get   { server: 'CouchDB/1.5.0 (Erlang OTP/R16B03)',
66 silly get     etag: '"87YPWHZEETW46F9GZQQISGGDA"',
66 silly get     'content-type': 'application/json',
66 silly get     'content-encoding': 'gzip',
66 silly get     'cache-control': 'max-age=300',
66 silly get     'content-length': '1696',
66 silly get     'accept-ranges': 'bytes',
66 silly get     date: 'Wed, 20 Apr 2016 23:44:39 GMT',
66 silly get     via: '1.1 varnish',
66 silly get     age: '0',
66 silly get     connection: 'keep-alive',
66 silly get     'x-served-by': 'cache-sjc3125-SJC',
66 silly get     'x-cache': 'MISS',
66 silly get     'x-cache-hits': '0',
66 silly get     'x-timer': 'S1461195879.717852,VS0,VE41',
66 silly get     vary: 'Accept-Encoding' } ]
67 verbose get saving tesseract to /Users/kushaltirumala/.npm/registry.npmjs.org/tesseract/.cache.json
68 verbose correctMkdir /Users/kushaltirumala/.npm correctMkdir not in flight; initializing
69 verbose get https://registry.npmjs.org/node-fs not expired, no request
70 http 200 https://registry.npmjs.org/ws
71 verbose headers { server: 'CouchDB/1.5.0 (Erlang OTP/R16B03)',
71 verbose headers   etag: '"46SMR8X0VVLO394S6ZOG97NXR"',
71 verbose headers   'content-type': 'application/json',
71 verbose headers   'cache-control': 'max-age=300',
71 verbose headers   'content-length': '81923',
71 verbose headers   'accept-ranges': 'bytes',
71 verbose headers   date: 'Wed, 20 Apr 2016 23:44:39 GMT',
71 verbose headers   via: '1.1 varnish',
71 verbose headers   age: '63',
71 verbose headers   connection: 'keep-alive',
71 verbose headers   'x-served-by': 'cache-sjc3131-SJC',
71 verbose headers   'x-cache': 'HIT',
71 verbose headers   'x-cache-hits': '2',
71 verbose headers   'x-timer': 'S1461195879.777536,VS0,VE0',
71 verbose headers   vary: 'Accept-Encoding' }
72 silly get cb [ 200,
72 silly get   { server: 'CouchDB/1.5.0 (Erlang OTP/R16B03)',
72 silly get     etag: '"46SMR8X0VVLO394S6ZOG97NXR"',
72 silly get     'content-type': 'application/json',
72 silly get     'cache-control': 'max-age=300',
72 silly get     'content-length': '81923',
72 silly get     'accept-ranges': 'bytes',
72 silly get     date: 'Wed, 20 Apr 2016 23:44:39 GMT',
72 silly get     via: '1.1 varnish',
72 silly get     age: '63',
72 silly get     connection: 'keep-alive',
72 silly get     'x-served-by': 'cache-sjc3131-SJC',
72 silly get     'x-cache': 'HIT',
72 silly get     'x-cache-hits': '2',
72 silly get     'x-timer': 'S1461195879.777536,VS0,VE0',
72 silly get     vary: 'Accept-Encoding' } ]
73 verbose get saving ws to /Users/kushaltirumala/.npm/registry.npmjs.org/ws/.cache.json
74 verbose correctMkdir /Users/kushaltirumala/.npm correctMkdir not in flight; initializing
75 silly mapToRegistry name node-fs
76 silly mapToRegistry using default registry
77 silly mapToRegistry registry https://registry.npmjs.org/
78 silly mapToRegistry uri https://registry.npmjs.org/node-fs
79 verbose addRemoteTarball https://registry.npmjs.org/node-fs/-/node-fs-0.1.7.tgz not in flight; adding
80 verbose addRemoteTarball [ 'https://registry.npmjs.org/node-fs/-/node-fs-0.1.7.tgz',
80 verbose addRemoteTarball   '32323cccb46c9fbf0fc11812d45021cc31d325bb' ]
81 silly resolveWithNewModule ws@1.1.0 checking installable status
82 silly cache add args [ 'ws@*', null ]
83 verbose cache add spec ws@*
84 silly cache add parsed spec Result {
84 silly cache add   raw: 'ws@*',
84 silly cache add   scope: null,
84 silly cache add   name: 'ws',
84 silly cache add   rawSpec: '*',
84 silly cache add   spec: '*',
84 silly cache add   type: 'range' }
85 silly addNamed ws@*
86 verbose addNamed "*" is a valid semver range for ws
87 silly addNameRange { name: 'ws', range: '*', hasData: false }
88 silly mapToRegistry name ws
89 silly mapToRegistry using default registry
90 silly mapToRegistry registry https://registry.npmjs.org/
91 silly mapToRegistry uri https://registry.npmjs.org/ws
92 verbose addNameRange registry:https://registry.npmjs.org/ws not in flight; fetching
93 info retry fetch attempt 1 at 4:44:39 PM
94 info attempt registry request try #1 at 4:44:39 PM
95 http fetch GET https://registry.npmjs.org/node-fs/-/node-fs-0.1.7.tgz
96 silly resolveWithNewModule tesseract@0.0.3 checking installable status
97 silly cache add args [ 'tesseract@0.0.3', null ]
98 verbose cache add spec tesseract@0.0.3
99 silly cache add parsed spec Result {
99 silly cache add   raw: 'tesseract@0.0.3',
99 silly cache add   scope: null,
99 silly cache add   name: 'tesseract',
99 silly cache add   rawSpec: '0.0.3',
99 silly cache add   spec: '0.0.3',
99 silly cache add   type: 'version' }
100 silly addNamed tesseract@0.0.3
101 verbose addNamed "0.0.3" is a plain semver version for tesseract
102 silly mapToRegistry name tesseract
103 silly mapToRegistry using default registry
104 silly mapToRegistry registry https://registry.npmjs.org/
105 silly mapToRegistry uri https://registry.npmjs.org/tesseract
106 verbose addNameVersion registry:https://registry.npmjs.org/tesseract not in flight; fetching
107 verbose get https://registry.npmjs.org/ws not expired, no request
108 silly addNameRange number 2 { name: 'ws', range: '*', hasData: true }
109 silly addNameRange versions [ 'ws',
109 silly addNameRange   [ '0.2.6',
109 silly addNameRange     '0.2.8',
109 silly addNameRange     '0.2.9',
109 silly addNameRange     '0.3.0',
109 silly addNameRange     '0.3.1',
109 silly addNameRange     '0.3.2',
109 silly addNameRange     '0.3.3',
109 silly addNameRange     '0.3.4',
109 silly addNameRange     '0.3.4-2',
109 silly addNameRange     '0.3.5',
109 silly addNameRange     '0.3.5-2',
109 silly addNameRange     '0.3.5-3',
109 silly addNameRange     '0.3.5-4',
109 silly addNameRange     '0.3.6',
109 silly addNameRange     '0.3.7',
109 silly addNameRange     '0.3.8',
109 silly addNameRange     '0.3.9',
109 silly addNameRange     '0.4.0',
109 silly addNameRange     '0.4.1',
109 silly addNameRange     '0.4.2',
109 silly addNameRange     '0.4.3',
109 silly addNameRange     '0.4.5',
109 silly addNameRange     '0.4.6',
109 silly addNameRange     '0.4.7',
109 silly addNameRange     '0.4.8',
109 silly addNameRange     '0.4.9',
109 silly addNameRange     '0.4.10',
109 silly addNameRange     '0.4.11',
109 silly addNameRange     '0.4.12',
109 silly addNameRange     '0.4.13',
109 silly addNameRange     '0.4.14',
109 silly addNameRange     '0.4.15',
109 silly addNameRange     '0.4.16',
109 silly addNameRange     '0.4.17',
109 silly addNameRange     '0.4.18',
109 silly addNameRange     '0.4.19',
109 silly addNameRange     '0.4.20',
109 silly addNameRange     '0.4.21',
109 silly addNameRange     '0.4.22',
109 silly addNameRange     '0.4.23',
109 silly addNameRange     '0.4.24',
109 silly addNameRange     '0.4.25',
109 silly addNameRange     '0.4.27',
109 silly addNameRange     '0.4.28',
109 silly addNameRange     '0.4.29',
109 silly addNameRange     '0.4.30',
109 silly addNameRange     '0.4.31',
109 silly addNameRange     '0.4.32',
109 silly addNameRange     '0.5.0',
109 silly addNameRange     '0.6.0',
109 silly addNameRange     '0.6.1',
109 silly addNameRange     '0.6.2',
109 silly addNameRange     '0.6.3',
109 silly addNameRange     '0.6.4',
109 silly addNameRange     '0.6.5',
109 silly addNameRange     '0.7.0',
109 silly addNameRange     '0.7.1',
109 silly addNameRange     '0.7.2',
109 silly addNameRange     '0.8.0',
109 silly addNameRange     '0.8.1',
109 silly addNameRange     '1.0.0',
109 silly addNameRange     '1.0.1',
109 silly addNameRange     '1.1.0' ] ]
110 silly addNamed ws@1.1.0
111 verbose addNamed "1.1.0" is a plain semver version for ws
112 verbose get https://registry.npmjs.org/tesseract not expired, no request
113 silly mapToRegistry name ws
114 silly mapToRegistry using default registry
115 silly mapToRegistry registry https://registry.npmjs.org/
116 silly mapToRegistry uri https://registry.npmjs.org/ws
117 verbose addRemoteTarball https://registry.npmjs.org/ws/-/ws-1.1.0.tgz not in flight; adding
118 verbose addRemoteTarball [ 'https://registry.npmjs.org/ws/-/ws-1.1.0.tgz',
118 verbose addRemoteTarball   'c1d6fd1515d3ceff1f0ae2759bf5fd77030aad1d' ]
119 silly mapToRegistry name tesseract
120 silly mapToRegistry using default registry
121 silly mapToRegistry registry https://registry.npmjs.org/
122 silly mapToRegistry uri https://registry.npmjs.org/tesseract
123 verbose addRemoteTarball https://registry.npmjs.org/tesseract/-/tesseract-0.0.3.tgz not in flight; adding
124 verbose addRemoteTarball [ 'https://registry.npmjs.org/tesseract/-/tesseract-0.0.3.tgz',
124 verbose addRemoteTarball   'ff4b9d05bfee0d90d3d93450e8c6606954ff362c' ]
125 info retry fetch attempt 1 at 4:44:39 PM
126 info attempt registry request try #1 at 4:44:39 PM
127 http fetch GET https://registry.npmjs.org/ws/-/ws-1.1.0.tgz
128 http fetch 200 https://registry.npmjs.org/node-fs/-/node-fs-0.1.7.tgz
129 info retry fetch attempt 1 at 4:44:39 PM
130 info attempt registry request try #1 at 4:44:39 PM
131 http fetch GET https://registry.npmjs.org/tesseract/-/tesseract-0.0.3.tgz
132 silly fetchAndShaCheck shasum 32323cccb46c9fbf0fc11812d45021cc31d325bb
133 verbose addTmpTarball /var/folders/tp/8pzkp0g96lzf5p0mm49hwfhr0000gn/T/npm-4998-9ec9e684/registry.npmjs.org/node-fs/-/node-fs-0.1.7.tgz not in flight; adding
134 verbose addTmpTarball already have metadata; skipping unpack for node-fs@0.1.7
135 verbose correctMkdir /Users/kushaltirumala/.npm correctMkdir not in flight; initializing
136 silly cache afterAdd node-fs@0.1.7
137 verbose afterAdd /Users/kushaltirumala/.npm/node-fs/0.1.7/package/package.json not in flight; writing
138 verbose correctMkdir /Users/kushaltirumala/.npm correctMkdir not in flight; initializing
139 verbose afterAdd /Users/kushaltirumala/.npm/node-fs/0.1.7/package/package.json written
140 http fetch 200 https://registry.npmjs.org/ws/-/ws-1.1.0.tgz
141 silly fetchAndShaCheck shasum c1d6fd1515d3ceff1f0ae2759bf5fd77030aad1d
142 verbose addTmpTarball /var/folders/tp/8pzkp0g96lzf5p0mm49hwfhr0000gn/T/npm-4998-9ec9e684/registry.npmjs.org/ws/-/ws-1.1.0.tgz not in flight; adding
143 verbose addTmpTarball already have metadata; skipping unpack for ws@1.1.0
144 verbose correctMkdir /Users/kushaltirumala/.npm correctMkdir not in flight; initializing
145 silly cache afterAdd ws@1.1.0
146 verbose afterAdd /Users/kushaltirumala/.npm/ws/1.1.0/package/package.json not in flight; writing
147 verbose correctMkdir /Users/kushaltirumala/.npm correctMkdir not in flight; initializing
148 verbose afterAdd /Users/kushaltirumala/.npm/ws/1.1.0/package/package.json written
149 http fetch 200 https://registry.npmjs.org/tesseract/-/tesseract-0.0.3.tgz
150 silly fetchAndShaCheck shasum ff4b9d05bfee0d90d3d93450e8c6606954ff362c
151 verbose addTmpTarball /var/folders/tp/8pzkp0g96lzf5p0mm49hwfhr0000gn/T/npm-4998-9ec9e684/registry.npmjs.org/tesseract/-/tesseract-0.0.3.tgz not in flight; adding
152 verbose addTmpTarball already have metadata; skipping unpack for tesseract@0.0.3
153 verbose correctMkdir /Users/kushaltirumala/.npm correctMkdir not in flight; initializing
154 silly cache afterAdd tesseract@0.0.3
155 verbose afterAdd /Users/kushaltirumala/.npm/tesseract/0.0.3/package/package.json not in flight; writing
156 verbose correctMkdir /Users/kushaltirumala/.npm correctMkdir not in flight; initializing
157 verbose afterAdd /Users/kushaltirumala/.npm/tesseract/0.0.3/package/package.json written
158 silly fetchNamedPackageData options
159 silly mapToRegistry name options
160 silly mapToRegistry using default registry
161 silly mapToRegistry registry https://registry.npmjs.org/
162 silly mapToRegistry uri https://registry.npmjs.org/options
163 silly fetchNamedPackageData ultron
164 silly mapToRegistry name ultron
165 silly mapToRegistry using default registry
166 silly mapToRegistry registry https://registry.npmjs.org/
167 silly mapToRegistry uri https://registry.npmjs.org/ultron
168 verbose request uri https://registry.npmjs.org/ultron
169 verbose request no auth needed
170 info attempt registry request try #1 at 4:44:39 PM
171 http request GET https://registry.npmjs.org/ultron
172 verbose request uri https://registry.npmjs.org/options
173 verbose request no auth needed
174 info attempt registry request try #1 at 4:44:40 PM
175 verbose etag "29I1H7JJVEWWNWG0GMKORGQTC"
176 http request GET https://registry.npmjs.org/options
177 http 200 https://registry.npmjs.org/ultron
178 verbose headers { server: 'CouchDB/1.5.0 (Erlang OTP/R16B03)',
178 verbose headers   etag: '"9UUL8YHBQ03CH8Y7XTNPPX1C1"',
178 verbose headers   'content-type': 'application/json',
178 verbose headers   'content-encoding': 'gzip',
178 verbose headers   'cache-control': 'max-age=300',
178 verbose headers   'content-length': '3165',
178 verbose headers   'accept-ranges': 'bytes',
178 verbose headers   date: 'Wed, 20 Apr 2016 23:44:40 GMT',
178 verbose headers   via: '1.1 varnish',
178 verbose headers   age: '235',
178 verbose headers   connection: 'keep-alive',
178 verbose headers   'x-served-by': 'cache-sjc3133-SJC',
178 verbose headers   'x-cache': 'HIT',
178 verbose headers   'x-cache-hits': '4',
178 verbose headers   'x-timer': 'S1461195880.007461,VS0,VE0',
178 verbose headers   vary: 'Accept-Encoding' }
179 silly get cb [ 200,
179 silly get   { server: 'CouchDB/1.5.0 (Erlang OTP/R16B03)',
179 silly get     etag: '"9UUL8YHBQ03CH8Y7XTNPPX1C1"',
179 silly get     'content-type': 'application/json',
179 silly get     'content-encoding': 'gzip',
179 silly get     'cache-control': 'max-age=300',
179 silly get     'content-length': '3165',
179 silly get     'accept-ranges': 'bytes',
179 silly get     date: 'Wed, 20 Apr 2016 23:44:40 GMT',
179 silly get     via: '1.1 varnish',
179 silly get     age: '235',
179 silly get     connection: 'keep-alive',
179 silly get     'x-served-by': 'cache-sjc3133-SJC',
179 silly get     'x-cache': 'HIT',
179 silly get     'x-cache-hits': '4',
179 silly get     'x-timer': 'S1461195880.007461,VS0,VE0',
179 silly get     vary: 'Accept-Encoding' } ]
180 verbose get saving ultron to /Users/kushaltirumala/.npm/registry.npmjs.org/ultron/.cache.json
181 verbose correctMkdir /Users/kushaltirumala/.npm correctMkdir not in flight; initializing
182 silly resolveWithNewModule ultron@1.0.2 checking installable status
183 silly cache add args [ 'ultron@1.0.x', null ]
184 verbose cache add spec ultron@1.0.x
185 silly cache add parsed spec Result {
185 silly cache add   raw: 'ultron@1.0.x',
185 silly cache add   scope: null,
185 silly cache add   name: 'ultron',
185 silly cache add   rawSpec: '1.0.x',
185 silly cache add   spec: '>=1.0.0 <1.1.0',
185 silly cache add   type: 'range' }
186 silly addNamed ultron@>=1.0.0 <1.1.0
187 verbose addNamed ">=1.0.0 <1.1.0" is a valid semver range for ultron
188 silly addNameRange { name: 'ultron', range: '>=1.0.0 <1.1.0', hasData: false }
189 silly mapToRegistry name ultron
190 silly mapToRegistry using default registry
191 silly mapToRegistry registry https://registry.npmjs.org/
192 silly mapToRegistry uri https://registry.npmjs.org/ultron
193 verbose addNameRange registry:https://registry.npmjs.org/ultron not in flight; fetching
194 http 304 https://registry.npmjs.org/options
195 verbose headers { date: 'Wed, 20 Apr 2016 23:44:40 GMT',
195 verbose headers   via: '1.1 varnish',
195 verbose headers   'cache-control': 'max-age=300',
195 verbose headers   etag: '"29I1H7JJVEWWNWG0GMKORGQTC"',
195 verbose headers   age: '196',
195 verbose headers   connection: 'keep-alive',
195 verbose headers   'x-served-by': 'cache-sjc3126-SJC',
195 verbose headers   'x-cache': 'HIT',
195 verbose headers   'x-cache-hits': '6',
195 verbose headers   'x-timer': 'S1461195880.023171,VS0,VE0',
195 verbose headers   vary: 'Accept-Encoding' }
196 silly get cb [ 304,
196 silly get   { date: 'Wed, 20 Apr 2016 23:44:40 GMT',
196 silly get     via: '1.1 varnish',
196 silly get     'cache-control': 'max-age=300',
196 silly get     etag: '"29I1H7JJVEWWNWG0GMKORGQTC"',
196 silly get     age: '196',
196 silly get     connection: 'keep-alive',
196 silly get     'x-served-by': 'cache-sjc3126-SJC',
196 silly get     'x-cache': 'HIT',
196 silly get     'x-cache-hits': '6',
196 silly get     'x-timer': 'S1461195880.023171,VS0,VE0',
196 silly get     vary: 'Accept-Encoding' } ]
197 verbose etag https://registry.npmjs.org/options from cache
198 verbose get saving options to /Users/kushaltirumala/.npm/registry.npmjs.org/options/.cache.json
199 verbose correctMkdir /Users/kushaltirumala/.npm correctMkdir not in flight; initializing
200 verbose get https://registry.npmjs.org/ultron not expired, no request
201 silly addNameRange number 2 { name: 'ultron', range: '>=1.0.0 <1.1.0', hasData: true }
202 silly addNameRange versions [ 'ultron', [ '0.0.0', '1.0.0', '1.0.1', '1.0.2' ] ]
203 silly addNamed ultron@1.0.2
204 verbose addNamed "1.0.2" is a plain semver version for ultron
205 silly mapToRegistry name ultron
206 silly mapToRegistry using default registry
207 silly mapToRegistry registry https://registry.npmjs.org/
208 silly mapToRegistry uri https://registry.npmjs.org/ultron
209 verbose addRemoteTarball https://registry.npmjs.org/ultron/-/ultron-1.0.2.tgz not in flight; adding
210 verbose addRemoteTarball [ 'https://registry.npmjs.org/ultron/-/ultron-1.0.2.tgz',
210 verbose addRemoteTarball   'ace116ab557cd197386a4e88f4685378c8b2e4fa' ]
211 info retry fetch attempt 1 at 4:44:40 PM
212 info attempt registry request try #1 at 4:44:40 PM
213 http fetch GET https://registry.npmjs.org/ultron/-/ultron-1.0.2.tgz
214 silly resolveWithNewModule options@0.0.6 checking installable status
215 silly cache add args [ 'options@>=0.0.5', null ]
216 verbose cache add spec options@>=0.0.5
217 silly cache add parsed spec Result {
217 silly cache add   raw: 'options@>=0.0.5',
217 silly cache add   scope: null,
217 silly cache add   name: 'options',
217 silly cache add   rawSpec: '>=0.0.5',
217 silly cache add   spec: '>=0.0.5',
217 silly cache add   type: 'range' }
218 silly addNamed options@>=0.0.5
219 verbose addNamed ">=0.0.5" is a valid semver range for options
220 silly addNameRange { name: 'options', range: '>=0.0.5', hasData: false }
221 silly mapToRegistry name options
222 silly mapToRegistry using default registry
223 silly mapToRegistry registry https://registry.npmjs.org/
224 silly mapToRegistry uri https://registry.npmjs.org/options
225 verbose addNameRange registry:https://registry.npmjs.org/options not in flight; fetching
226 verbose get https://registry.npmjs.org/options not expired, no request
227 silly addNameRange number 2 { name: 'options', range: '>=0.0.5', hasData: true }
228 silly addNameRange versions [ 'options',
228 silly addNameRange   [ '0.0.1', '0.0.2', '0.0.3', '0.0.4', '0.0.5', '0.0.6' ] ]
229 silly addNamed options@0.0.6
230 verbose addNamed "0.0.6" is a plain semver version for options
231 http fetch 200 https://registry.npmjs.org/ultron/-/ultron-1.0.2.tgz
232 silly fetchAndShaCheck shasum ace116ab557cd197386a4e88f4685378c8b2e4fa
233 verbose addTmpTarball /var/folders/tp/8pzkp0g96lzf5p0mm49hwfhr0000gn/T/npm-4998-9ec9e684/registry.npmjs.org/ultron/-/ultron-1.0.2.tgz not in flight; adding
234 verbose addTmpTarball already have metadata; skipping unpack for ultron@1.0.2
235 verbose correctMkdir /Users/kushaltirumala/.npm correctMkdir not in flight; initializing
236 silly cache afterAdd ultron@1.0.2
237 verbose afterAdd /Users/kushaltirumala/.npm/ultron/1.0.2/package/package.json not in flight; writing
238 verbose correctMkdir /Users/kushaltirumala/.npm correctMkdir not in flight; initializing
239 verbose afterAdd /Users/kushaltirumala/.npm/ultron/1.0.2/package/package.json written
240 silly cache afterAdd options@0.0.6
241 verbose afterAdd /Users/kushaltirumala/.npm/options/0.0.6/package/package.json not in flight; writing
242 verbose correctMkdir /Users/kushaltirumala/.npm correctMkdir not in flight; initializing
243 verbose afterAdd /Users/kushaltirumala/.npm/options/0.0.6/package/package.json written
244 silly loadAllDepsIntoIdealTree Finishing
245 silly idealTree:prePrune quizzy@1.0.0
245 silly idealTree:prePrune ├── node-fs@0.1.7
245 silly idealTree:prePrune ├── options@0.0.6
245 silly idealTree:prePrune ├── tesseract@0.0.3
245 silly idealTree:prePrune ├── ultron@1.0.2
245 silly idealTree:prePrune └── ws@1.1.0
246 silly loadIdealTree Finishing
247 silly currentTree quizzy@1.0.0
248 silly idealTree quizzy@1.0.0
248 silly idealTree ├── node-fs@0.1.7
248 silly idealTree ├── options@0.0.6
248 silly idealTree ├── tesseract@0.0.3
248 silly idealTree ├── ultron@1.0.2
248 silly idealTree └── ws@1.1.0
249 silly generateActionsToTake Starting
250 silly install generateActionsToTake
251 silly generateActionsToTake Finishing
252 silly diffTrees action count 5
253 silly diffTrees add options@0.0.6
254 silly diffTrees add ultron@1.0.2
255 silly diffTrees add node-fs@0.1.7
256 silly diffTrees add tesseract@0.0.3
257 silly diffTrees add ws@1.1.0
258 silly decomposeActions action count 40
259 silly decomposeActions fetch options@0.0.6
260 silly decomposeActions extract options@0.0.6
261 silly decomposeActions test options@0.0.6
262 silly decomposeActions preinstall options@0.0.6
263 silly decomposeActions build options@0.0.6
264 silly decomposeActions install options@0.0.6
265 silly decomposeActions postinstall options@0.0.6
266 silly decomposeActions finalize options@0.0.6
267 silly decomposeActions fetch ultron@1.0.2
268 silly decomposeActions extract ultron@1.0.2
269 silly decomposeActions test ultron@1.0.2
270 silly decomposeActions preinstall ultron@1.0.2
271 silly decomposeActions build ultron@1.0.2
272 silly decomposeActions install ultron@1.0.2
273 silly decomposeActions postinstall ultron@1.0.2
274 silly decomposeActions finalize ultron@1.0.2
275 silly decomposeActions fetch node-fs@0.1.7
276 silly decomposeActions extract node-fs@0.1.7
277 silly decomposeActions test node-fs@0.1.7
278 silly decomposeActions preinstall node-fs@0.1.7
279 silly decomposeActions build node-fs@0.1.7
280 silly decomposeActions install node-fs@0.1.7
281 silly decomposeActions postinstall node-fs@0.1.7
282 silly decomposeActions finalize node-fs@0.1.7
283 silly decomposeActions fetch tesseract@0.0.3
284 silly decomposeActions extract tesseract@0.0.3
285 silly decomposeActions test tesseract@0.0.3
286 silly decomposeActions preinstall tesseract@0.0.3
287 silly decomposeActions build tesseract@0.0.3
288 silly decomposeActions install tesseract@0.0.3
289 silly decomposeActions postinstall tesseract@0.0.3
290 silly decomposeActions finalize tesseract@0.0.3
291 silly decomposeActions fetch ws@1.1.0
292 silly decomposeActions extract ws@1.1.0
293 silly decomposeActions test ws@1.1.0
294 silly decomposeActions preinstall ws@1.1.0
295 silly decomposeActions build ws@1.1.0
296 silly decomposeActions install ws@1.1.0
297 silly decomposeActions postinstall ws@1.1.0
298 silly decomposeActions finalize ws@1.1.0
299 silly executeActions Starting
300 silly install executeActions
301 silly doSerial global-install 0
302 silly doParallel fetch 5
303 verbose correctMkdir /Users/kushaltirumala/.npm/_locks correctMkdir not in flight; initializing
304 verbose lock using /Users/kushaltirumala/.npm/_locks/staging-c8e6f97ec2fef440.lock for /Users/kushaltirumala/Desktop/code/quizzy/server/node_modules/.staging
305 silly doParallel extract 5
306 silly extract options@0.0.6
307 silly extract ultron@1.0.2
308 silly extract node-fs@0.1.7
309 silly extract tesseract@0.0.3
310 silly extract ws@1.1.0
311 verbose unbuild node_modules/.staging/options-d0c15b11
312 verbose unbuild node_modules/.staging/ultron-bf3edd3e
313 verbose unbuild node_modules/.staging/node-fs-d4dfae67
314 verbose unbuild node_modules/.staging/tesseract-75bd3a6c
315 verbose unbuild node_modules/.staging/ws-cc47c9b9
316 silly gentlyRm /Users/kushaltirumala/Desktop/code/quizzy/server/node_modules/.staging/options-d0c15b11 is being purged from base /Users/kushaltirumala/Desktop/code/quizzy/server
317 verbose gentlyRm don't care about contents; nuking /Users/kushaltirumala/Desktop/code/quizzy/server/node_modules/.staging/options-d0c15b11
318 silly gentlyRm /Users/kushaltirumala/Desktop/code/quizzy/server/node_modules/.staging/ultron-bf3edd3e is being purged from base /Users/kushaltirumala/Desktop/code/quizzy/server
319 verbose gentlyRm don't care about contents; nuking /Users/kushaltirumala/Desktop/code/quizzy/server/node_modules/.staging/ultron-bf3edd3e
320 silly gentlyRm /Users/kushaltirumala/Desktop/code/quizzy/server/node_modules/.staging/node-fs-d4dfae67 is being purged from base /Users/kushaltirumala/Desktop/code/quizzy/server
321 verbose gentlyRm don't care about contents; nuking /Users/kushaltirumala/Desktop/code/quizzy/server/node_modules/.staging/node-fs-d4dfae67
322 silly gentlyRm /Users/kushaltirumala/Desktop/code/quizzy/server/node_modules/.staging/tesseract-75bd3a6c is being purged from base /Users/kushaltirumala/Desktop/code/quizzy/server
323 verbose gentlyRm don't care about contents; nuking /Users/kushaltirumala/Desktop/code/quizzy/server/node_modules/.staging/tesseract-75bd3a6c
324 silly gentlyRm /Users/kushaltirumala/Desktop/code/quizzy/server/node_modules/.staging/ws-cc47c9b9 is being purged from base /Users/kushaltirumala/Desktop/code/quizzy/server
325 verbose gentlyRm don't care about contents; nuking /Users/kushaltirumala/Desktop/code/quizzy/server/node_modules/.staging/ws-cc47c9b9
326 verbose tar unpack /Users/kushaltirumala/.npm/options/0.0.6/package.tgz
327 verbose tar unpacking to /Users/kushaltirumala/Desktop/code/quizzy/server/node_modules/.staging/options-d0c15b11
328 silly gentlyRm /Users/kushaltirumala/Desktop/code/quizzy/server/node_modules/.staging/options-d0c15b11 is being purged
329 verbose gentlyRm don't care about contents; nuking /Users/kushaltirumala/Desktop/code/quizzy/server/node_modules/.staging/options-d0c15b11
330 verbose tar unpack /Users/kushaltirumala/.npm/ultron/1.0.2/package.tgz
331 verbose tar unpacking to /Users/kushaltirumala/Desktop/code/quizzy/server/node_modules/.staging/ultron-bf3edd3e
332 silly gentlyRm /Users/kushaltirumala/Desktop/code/quizzy/server/node_modules/.staging/ultron-bf3edd3e is being purged
333 verbose gentlyRm don't care about contents; nuking /Users/kushaltirumala/Desktop/code/quizzy/server/node_modules/.staging/ultron-bf3edd3e
334 verbose tar unpack /Users/kushaltirumala/.npm/node-fs/0.1.7/package.tgz
335 verbose tar unpacking to /Users/kushaltirumala/Desktop/code/quizzy/server/node_modules/.staging/node-fs-d4dfae67
336 silly gentlyRm /Users/kushaltirumala/Desktop/code/quizzy/server/node_modules/.staging/node-fs-d4dfae67 is being purged
337 verbose gentlyRm don't care about contents; nuking /Users/kushaltirumala/Desktop/code/quizzy/server/node_modules/.staging/node-fs-d4dfae67
338 verbose tar unpack /Users/kushaltirumala/.npm/tesseract/0.0.3/package.tgz
339 verbose tar unpacking to /Users/kushaltirumala/Desktop/code/quizzy/server/node_modules/.staging/tesseract-75bd3a6c
340 silly gentlyRm /Users/kushaltirumala/Desktop/code/quizzy/server/node_modules/.staging/tesseract-75bd3a6c is being purged
341 verbose gentlyRm don't care about contents; nuking /Users/kushaltirumala/Desktop/code/quizzy/server/node_modules/.staging/tesseract-75bd3a6c
342 verbose tar unpack /Users/kushaltirumala/.npm/ws/1.1.0/package.tgz
343 verbose tar unpacking to /Users/kushaltirumala/Desktop/code/quizzy/server/node_modules/.staging/ws-cc47c9b9
344 silly gentlyRm /Users/kushaltirumala/Desktop/code/quizzy/server/node_modules/.staging/ws-cc47c9b9 is being purged
345 verbose gentlyRm don't care about contents; nuking /Users/kushaltirumala/Desktop/code/quizzy/server/node_modules/.staging/ws-cc47c9b9
346 silly gunzTarPerm modes [ '755', '644' ]
347 silly gunzTarPerm modes [ '755', '644' ]
348 silly gunzTarPerm modes [ '755', '644' ]
349 silly gunzTarPerm modes [ '755', '644' ]
350 silly gunzTarPerm modes [ '755', '644' ]
351 silly gunzTarPerm extractEntry package.json
352 silly gunzTarPerm extractEntry package.json
353 silly gunzTarPerm extractEntry package.json
354 silly gunzTarPerm extractEntry package.json
355 silly gunzTarPerm modified mode [ 'package.json', 438, 420 ]
356 silly gunzTarPerm extractEntry package.json
357 silly gunzTarPerm extractEntry .npmignore
358 silly gunzTarPerm extractEntry README.md
359 silly gunzTarPerm extractEntry .npmignore
360 silly gunzTarPerm extractEntry README.md
361 silly gunzTarPerm extractEntry README.md
362 silly gunzTarPerm extractEntry LICENSE
363 silly gunzTarPerm extractEntry .npmignore
364 silly gunzTarPerm modified mode [ '.npmignore', 438, 420 ]
365 silly gunzTarPerm extractEntry README.md
366 silly gunzTarPerm modified mode [ 'README.md', 438, 420 ]
367 silly gunzTarPerm extractEntry .npmignore
368 silly gunzTarPerm extractEntry README.md
369 silly gunzTarPerm extractEntry Makefile
370 silly gunzTarPerm extractEntry lib/options.js
371 silly gunzTarPerm extractEntry example.js
372 silly gunzTarPerm extractEntry .travis.yml
373 silly gunzTarPerm extractEntry LICENSE
374 silly gunzTarPerm extractEntry index.js
375 silly gunzTarPerm extractEntry index.js
376 silly gunzTarPerm extractEntry SECURITY.md
377 silly gunzTarPerm extractEntry LICENSE
378 silly gunzTarPerm modified mode [ 'LICENSE', 438, 420 ]
379 silly gunzTarPerm extractEntry .idea/.name
380 silly gunzTarPerm modified mode [ '.idea/.name', 438, 420 ]
381 silly gunzTarPerm extractEntry test.js
382 silly gunzTarPerm extractEntry .travis.yml
383 silly gunzTarPerm extractEntry .travis.yml
384 silly gunzTarPerm extractEntry Makefile
385 silly gunzTarPerm extractEntry .idea/encodings.xml
386 silly gunzTarPerm modified mode [ '.idea/encodings.xml', 438, 420 ]
387 silly gunzTarPerm extractEntry .idea/inspectionProfiles/Project_Default.xml
388 silly gunzTarPerm modified mode [ '.idea/inspectionProfiles/Project_Default.xml', 438, 420 ]
389 silly gunzTarPerm extractEntry lib/fs.js
390 silly gunzTarPerm extractEntry test/mkdir.test.js
391 silly gunzTarPerm extractEntry lib/BufferPool.js
392 silly gunzTarPerm extractEntry .idea/inspectionProfiles/profiles_settings.xml
393 silly gunzTarPerm modified mode [ '.idea/inspectionProfiles/profiles_settings.xml', 438, 420 ]
394 silly gunzTarPerm extractEntry .idea/misc.xml
395 silly gunzTarPerm modified mode [ '.idea/misc.xml', 438, 420 ]
396 silly gunzTarPerm extractEntry .idea/modules.xml
397 silly gunzTarPerm modified mode [ '.idea/modules.xml', 438, 420 ]
398 silly gunzTarPerm extractEntry .idea/node-tesseract.iml
399 silly gunzTarPerm modified mode [ '.idea/node-tesseract.iml', 438, 420 ]
400 silly gunzTarPerm extractEntry lib/ErrorCodes.js
401 silly gunzTarPerm extractEntry lib/Extensions.js
402 silly gunzTarPerm extractEntry lib/PerMessageDeflate.js
403 silly gunzTarPerm extractEntry lib/Receiver.hixie.js
404 silly gunzTarPerm extractEntry .idea/scopes/scope_settings.xml
405 silly gunzTarPerm modified mode [ '.idea/scopes/scope_settings.xml', 438, 420 ]
406 silly gunzTarPerm extractEntry .idea/vcs.xml
407 silly gunzTarPerm modified mode [ '.idea/vcs.xml', 438, 420 ]
408 silly gunzTarPerm extractEntry .idea/workspace.xml
409 silly gunzTarPerm modified mode [ '.idea/workspace.xml', 438, 420 ]
410 silly gunzTarPerm extractEntry lib/BufferUtil.js
411 silly gunzTarPerm extractEntry lib/Sender.hixie.js
412 silly gentlyRm /Users/kushaltirumala/Desktop/code/quizzy/server/node_modules/.staging/options-d0c15b11/node_modules is being purged
413 verbose gentlyRm don't care about contents; nuking /Users/kushaltirumala/Desktop/code/quizzy/server/node_modules/.staging/options-d0c15b11/node_modules
414 silly gunzTarPerm extractEntry lib/Sender.js
415 silly gunzTarPerm extractEntry lib/Validation.fallback.js
416 silly gunzTarPerm extractEntry INSTALL
417 silly gunzTarPerm modified mode [ 'INSTALL', 438, 420 ]
418 silly gunzTarPerm extractEntry binding.gyp
419 silly gunzTarPerm modified mode [ 'binding.gyp', 438, 420 ]
420 silly gunzTarPerm extractEntry lib/tesseract.js
421 silly gunzTarPerm modified mode [ 'lib/tesseract.js', 438, 420 ]
422 silly gunzTarPerm extractEntry src/leptonica_pix.cc
423 silly gunzTarPerm modified mode [ 'src/leptonica_pix.cc', 438, 420 ]
424 silly gunzTarPerm extractEntry lib/Validation.js
425 silly gunzTarPerm extractEntry lib/WebSocket.js
426 silly gentlyRm /Users/kushaltirumala/Desktop/code/quizzy/server/node_modules/.staging/ultron-bf3edd3e/node_modules is being purged
427 verbose gentlyRm don't care about contents; nuking /Users/kushaltirumala/Desktop/code/quizzy/server/node_modules/.staging/ultron-bf3edd3e/node_modules
428 silly gentlyRm /Users/kushaltirumala/Desktop/code/quizzy/server/node_modules/.staging/node-fs-d4dfae67/node_modules is being purged
429 verbose gentlyRm don't care about contents; nuking /Users/kushaltirumala/Desktop/code/quizzy/server/node_modules/.staging/node-fs-d4dfae67/node_modules
430 silly gunzTarPerm extractEntry src/leptonica_pix.h
431 silly gunzTarPerm modified mode [ 'src/leptonica_pix.h', 438, 420 ]
432 silly gunzTarPerm extractEntry src/tesseract_baseapi.cc
433 silly gunzTarPerm modified mode [ 'src/tesseract_baseapi.cc', 438, 420 ]
434 silly gunzTarPerm extractEntry lib/BufferUtil.fallback.js
435 silly gunzTarPerm extractEntry lib/WebSocketServer.js
436 silly gunzTarPerm extractEntry src/tesseract_baseapi.h
437 silly gunzTarPerm modified mode [ 'src/tesseract_baseapi.h', 438, 420 ]
438 silly gunzTarPerm extractEntry src/tesseract_bindings.cc
439 silly gunzTarPerm modified mode [ 'src/tesseract_bindings.cc', 438, 420 ]
440 silly gunzTarPerm extractEntry lib/Receiver.js
441 silly gunzTarPerm extractEntry src/tesseract_bindings.h
442 silly gunzTarPerm modified mode [ 'src/tesseract_bindings.h', 438, 420 ]
443 silly gentlyRm /Users/kushaltirumala/Desktop/code/quizzy/server/node_modules/.staging/ws-cc47c9b9/node_modules is being purged
444 verbose gentlyRm don't care about contents; nuking /Users/kushaltirumala/Desktop/code/quizzy/server/node_modules/.staging/ws-cc47c9b9/node_modules
445 silly gentlyRm /Users/kushaltirumala/Desktop/code/quizzy/server/node_modules/.staging/tesseract-75bd3a6c/node_modules is being purged
446 verbose gentlyRm don't care about contents; nuking /Users/kushaltirumala/Desktop/code/quizzy/server/node_modules/.staging/tesseract-75bd3a6c/node_modules
447 silly doParallel preinstall 5
448 silly preinstall options@0.0.6 /Users/kushaltirumala/Desktop/code/quizzy/server/node_modules/.staging/options-d0c15b11
449 info lifecycle options@0.0.6~preinstall: options@0.0.6
450 silly preinstall ultron@1.0.2 /Users/kushaltirumala/Desktop/code/quizzy/server/node_modules/.staging/ultron-bf3edd3e
451 info lifecycle ultron@1.0.2~preinstall: ultron@1.0.2
452 silly preinstall node-fs@0.1.7 /Users/kushaltirumala/Desktop/code/quizzy/server/node_modules/.staging/node-fs-d4dfae67
453 info lifecycle node-fs@0.1.7~preinstall: node-fs@0.1.7
454 silly preinstall tesseract@0.0.3 /Users/kushaltirumala/Desktop/code/quizzy/server/node_modules/.staging/tesseract-75bd3a6c
455 info lifecycle tesseract@0.0.3~preinstall: tesseract@0.0.3
456 silly preinstall ws@1.1.0 /Users/kushaltirumala/Desktop/code/quizzy/server/node_modules/.staging/ws-cc47c9b9
457 info lifecycle ws@1.1.0~preinstall: ws@1.1.0
458 silly lifecycle options@0.0.6~preinstall: no script for preinstall, continuing
459 silly lifecycle ultron@1.0.2~preinstall: no script for preinstall, continuing
460 silly lifecycle node-fs@0.1.7~preinstall: no script for preinstall, continuing
461 silly lifecycle tesseract@0.0.3~preinstall: no script for preinstall, continuing
462 silly lifecycle ws@1.1.0~preinstall: no script for preinstall, continuing
463 silly doReverseSerial remove 0
464 silly doSerial move 0
465 silly doSerial finalize 5
466 silly finalize /Users/kushaltirumala/Desktop/code/quizzy/server/node_modules/options
467 silly finalize /Users/kushaltirumala/Desktop/code/quizzy/server/node_modules/ultron
468 silly finalize /Users/kushaltirumala/Desktop/code/quizzy/server/node_modules/node-fs
469 silly finalize /Users/kushaltirumala/Desktop/code/quizzy/server/node_modules/tesseract
470 silly finalize /Users/kushaltirumala/Desktop/code/quizzy/server/node_modules/ws
471 silly doSerial build 5
472 silly build options@0.0.6
473 info linkStuff options@0.0.6
474 silly linkStuff options@0.0.6 has /Users/kushaltirumala/Desktop/code/quizzy/server/node_modules as its parent node_modules
475 verbose linkBins options@0.0.6
476 verbose linkMans options@0.0.6
477 silly build ultron@1.0.2
478 info linkStuff ultron@1.0.2
479 silly linkStuff ultron@1.0.2 has /Users/kushaltirumala/Desktop/code/quizzy/server/node_modules as its parent node_modules
480 verbose linkBins ultron@1.0.2
481 verbose linkMans ultron@1.0.2
482 silly build node-fs@0.1.7
483 info linkStuff node-fs@0.1.7
484 silly linkStuff node-fs@0.1.7 has /Users/kushaltirumala/Desktop/code/quizzy/server/node_modules as its parent node_modules
485 verbose linkBins node-fs@0.1.7
486 verbose linkMans node-fs@0.1.7
487 silly build tesseract@0.0.3
488 info linkStuff tesseract@0.0.3
489 silly linkStuff tesseract@0.0.3 has /Users/kushaltirumala/Desktop/code/quizzy/server/node_modules as its parent node_modules
490 verbose linkBins tesseract@0.0.3
491 verbose linkMans tesseract@0.0.3
492 silly build ws@1.1.0
493 info linkStuff ws@1.1.0
494 silly linkStuff ws@1.1.0 has /Users/kushaltirumala/Desktop/code/quizzy/server/node_modules as its parent node_modules
495 verbose linkBins ws@1.1.0
496 verbose linkMans ws@1.1.0
497 silly doSerial global-link 0
498 silly doParallel update-linked 0
499 silly doSerial install 5
500 silly install options@0.0.6 /Users/kushaltirumala/Desktop/code/quizzy/server/node_modules/.staging/options-d0c15b11
501 info lifecycle options@0.0.6~install: options@0.0.6
502 silly lifecycle options@0.0.6~install: no script for install, continuing
503 silly install ultron@1.0.2 /Users/kushaltirumala/Desktop/code/quizzy/server/node_modules/.staging/ultron-bf3edd3e
504 info lifecycle ultron@1.0.2~install: ultron@1.0.2
505 silly lifecycle ultron@1.0.2~install: no script for install, continuing
506 silly install node-fs@0.1.7 /Users/kushaltirumala/Desktop/code/quizzy/server/node_modules/.staging/node-fs-d4dfae67
507 info lifecycle node-fs@0.1.7~install: node-fs@0.1.7
508 silly lifecycle node-fs@0.1.7~install: no script for install, continuing
509 silly install tesseract@0.0.3 /Users/kushaltirumala/Desktop/code/quizzy/server/node_modules/.staging/tesseract-75bd3a6c
510 info lifecycle tesseract@0.0.3~install: tesseract@0.0.3
511 verbose lifecycle tesseract@0.0.3~install: unsafe-perm in lifecycle true
512 verbose lifecycle tesseract@0.0.3~install: PATH: /usr/local/lib/node_modules/npm/bin/node-gyp-bin:/Users/kushaltirumala/Desktop/code/quizzy/server/node_modules/tesseract/node_modules/.bin:/Users/kushaltirumala/Desktop/code/quizzy/server/node_modules/.bin:/usr/local/bin:/usr/bin:/bin:/usr/sbin:/sbin
513 verbose lifecycle tesseract@0.0.3~install: CWD: /Users/kushaltirumala/Desktop/code/quizzy/server/node_modules/tesseract
514 silly lifecycle tesseract@0.0.3~install: Args: [ '-c', 'node-gyp rebuild' ]
515 silly lifecycle tesseract@0.0.3~install: Returned: code: 1  signal: null
516 info lifecycle tesseract@0.0.3~install: Failed to exec install script
517 verbose unlock done using /Users/kushaltirumala/.npm/_locks/staging-c8e6f97ec2fef440.lock for /Users/kushaltirumala/Desktop/code/quizzy/server/node_modules/.staging
518 silly rollbackFailedOptional Starting
519 silly rollbackFailedOptional Finishing
520 silly runTopLevelLifecycles Starting
521 silly runTopLevelLifecycles Finishing
522 silly install printInstalled
523 warn quizzy@1.0.0 No description
524 warn quizzy@1.0.0 No repository field.
525 verbose stack Error: tesseract@0.0.3 install: `node-gyp rebuild`
525 verbose stack Exit status 1
525 verbose stack     at EventEmitter.<anonymous> (/usr/local/lib/node_modules/npm/lib/utils/lifecycle.js:232:16)
525 verbose stack     at emitTwo (events.js:100:13)
525 verbose stack     at EventEmitter.emit (events.js:185:7)
525 verbose stack     at ChildProcess.<anonymous> (/usr/local/lib/node_modules/npm/lib/utils/spawn.js:24:14)
525 verbose stack     at emitTwo (events.js:100:13)
525 verbose stack     at ChildProcess.emit (events.js:185:7)
525 verbose stack     at maybeClose (internal/child_process.js:827:16)
525 verbose stack     at Process.ChildProcess._handle.onexit (internal/child_process.js:211:5)
526 verbose pkgid tesseract@0.0.3
527 verbose cwd /Users/kushaltirumala/Desktop/code/quizzy/server
528 error Darwin 14.5.0
529 error argv "/usr/local/bin/node" "/usr/local/bin/npm" "install"
530 error node v5.6.0
531 error npm  v3.6.0
532 error code ELIFECYCLE
533 error tesseract@0.0.3 install: `node-gyp rebuild`
533 error Exit status 1
534 error Failed at the tesseract@0.0.3 install script 'node-gyp rebuild'.
534 error Make sure you have the latest version of node.js and npm installed.
534 error If you do, this is most likely a problem with the tesseract package,
534 error not with npm itself.
534 error Tell the author that this fails on your system:
534 error     node-gyp rebuild
534 error You can get information on how to open an issue for this project with:
534 error     npm bugs tesseract
534 error Or if that isn't available, you can get their info via:
534 error     npm owner ls tesseract
534 error There is likely additional logging output above.
535 verbose exit [ 1, true ]
